<?xml version="1.0" encoding="UTF-8"?>
<!-- Generated by org.testng.reporters.JUnitReportReporter -->
<testsuite hostname="Aaradana" failures="0" tests="1" name="loginTestCases.CorrectPassword" time="2.336" errors="0" timestamp="2022-03-09T09:44:49 EST" skipped="0">
  <testcase classname="loginTestCases.CorrectPassword" name="loginwithCorrectPassword" time="2.336"/>
  <system-out/>
</testsuite> <!-- loginTestCases.CorrectPassword -->
