<?xml version="1.0" encoding="UTF-8"?>
<!-- Generated by org.testng.reporters.JUnitReportReporter -->
<testsuite hostname="Aaradana" failures="0" tests="1" name="pageObjectModel.LoginPageObjects" time="4.768" errors="0" timestamp="2022-03-10T09:06:51 EST" skipped="0">
  <testcase classname="pageObjectModel.LoginPageObjects" name="TravelsLoginPageObjects" time="4.768"/>
  <system-out/>
</testsuite> <!-- pageObjectModel.LoginPageObjects -->
