<?xml version="1.0" encoding="UTF-8"?>
<!-- Generated by org.testng.reporters.JUnitReportReporter -->
<testsuite hostname="Aaradana" failures="0" tests="1" name="loginTestcasesUsingClasses.CorrectPassword" time="2.622" errors="0" timestamp="2022-03-09T10:17:21 EST" skipped="0">
  <testcase classname="loginTestcasesUsingClasses.CorrectPassword" name="loginwithCorrectPassword" time="2.622"/>
  <system-out/>
</testsuite> <!-- loginTestcasesUsingClasses.CorrectPassword -->
