<?xml version="1.0" encoding="UTF-8"?>
<!-- Generated by org.testng.reporters.JUnitReportReporter -->
<testsuite hostname="Aaradana" failures="0" tests="4" name="loginUsingDataProviders_5.Login" time="5.466" errors="0" timestamp="2022-03-09T13:50:10 EST" skipped="0">
  <testcase classname="loginUsingDataProviders_5.Login" name="loginTests" time="2.150"/>
  <system-out/>
  <testcase classname="loginUsingDataProviders_5.Login" name="loginTests" time="0.947"/>
  <system-out/>
  <testcase classname="loginUsingDataProviders_5.Login" name="loginTests" time="0.948"/>
  <system-out/>
  <testcase classname="loginUsingDataProviders_5.Login" name="loginTests" time="1.421"/>
  <system-out/>
</testsuite> <!-- loginUsingDataProviders_5.Login -->
