<?xml version="1.0" encoding="UTF-8"?>
<!-- Generated by org.testng.reporters.JUnitReportReporter -->
<testsuite hostname="Aaradana" failures="0" tests="4" name="loginUsingDataProviders_4.LoginTestJXLData" time="5.316" errors="0" timestamp="2022-03-09T17:46:53 EST" skipped="0">
  <testcase classname="loginUsingDataProviders_4.LoginTestJXLData" name="loginTests" time="2.219"/>
  <system-out/>
  <testcase classname="loginUsingDataProviders_4.LoginTestJXLData" name="loginTests" time="0.885"/>
  <system-out/>
  <testcase classname="loginUsingDataProviders_4.LoginTestJXLData" name="loginTests" time="0.886"/>
  <system-out/>
  <testcase classname="loginUsingDataProviders_4.LoginTestJXLData" name="loginTests" time="1.326"/>
  <system-out/>
</testsuite> <!-- loginUsingDataProviders_4.LoginTestJXLData -->
