<?xml version="1.0" encoding="UTF-8"?>
<!-- Generated by org.testng.reporters.JUnitReportReporter -->
<testsuite hostname="Aaradana" failures="0" tests="1" name="loginUsingParameters.BothCorrect" time="3.726" errors="0" timestamp="2022-03-09T10:56:33 EST" skipped="0">
  <testcase classname="loginUsingParameters.BothCorrect" name="loginwithCorrectUserNameANDPasword" time="3.726"/>
  <system-out/>
</testsuite> <!-- loginUsingParameters.BothCorrect -->
