<?xml version="1.0" encoding="UTF-8"?>
<!-- Generated by org.testng.reporters.JUnitReportReporter -->
<testsuite hostname="Aaradana" failures="0" tests="1" name="loginUsingParameters.BothInCorrect" time="2.247" errors="0" timestamp="2022-03-09T10:56:33 EST" skipped="0">
  <testcase classname="loginUsingParameters.BothInCorrect" name="loginwithINCorrectUsernameANDPassword" time="2.247"/>
  <system-out/>
</testsuite> <!-- loginUsingParameters.BothInCorrect -->
