<?xml version="1.0" encoding="UTF-8"?>
<!-- Generated by org.testng.reporters.JUnitReportReporter -->
<testsuite hostname="Aaradana" failures="0" tests="1" name="loginTestcasesUsingClasses.BothInCorrect" time="2.391" errors="0" timestamp="2022-03-09T10:17:21 EST" skipped="0">
  <testcase classname="loginTestcasesUsingClasses.BothInCorrect" name="loginwithINCorrectUsernameANDPassword" time="2.391"/>
  <system-out/>
</testsuite> <!-- loginTestcasesUsingClasses.BothInCorrect -->
