<?xml version="1.0" encoding="UTF-8"?>
<!-- Generated by org.testng.reporters.JUnitReportReporter -->
<testsuite hostname="Aaradana" failures="0" tests="4" name="loginUsingDataProviders_4.Login" time="10.850" errors="0" timestamp="2022-03-09T13:52:18 EST" skipped="0">
  <testcase classname="loginUsingDataProviders_4.Login" name="AuthendicationCheck" time="2.256"/>
  <system-out/>
  <testcase classname="loginUsingDataProviders_4.Login" name="AuthendicationCheck" time="3.874"/>
  <system-out/>
  <testcase classname="loginUsingDataProviders_4.Login" name="AuthendicationCheck" time="2.502"/>
  <system-out/>
  <testcase classname="loginUsingDataProviders_4.Login" name="AuthendicationCheck" time="2.218"/>
  <system-out/>
</testsuite> <!-- loginUsingDataProviders_4.Login -->
