<?xml version="1.0" encoding="UTF-8"?>
<!-- Generated by org.testng.reporters.JUnitReportReporter -->
<testsuite hostname="Aaradana" failures="0" tests="4" name="loginUsingDataProviders.Login" time="11.297" errors="0" timestamp="2022-03-09T11:26:41 EST" skipped="0">
  <testcase classname="loginUsingDataProviders.Login" name="loginwithCorrectUserNameANDPasword" time="2.304"/>
  <system-out/>
  <testcase classname="loginUsingDataProviders.Login" name="loginwithCorrectUserNameANDPasword" time="2.899"/>
  <system-out/>
  <testcase classname="loginUsingDataProviders.Login" name="loginwithCorrectUserNameANDPasword" time="2.334"/>
  <system-out/>
  <testcase classname="loginUsingDataProviders.Login" name="loginwithCorrectUserNameANDPasword" time="3.760"/>
  <system-out/>
</testsuite> <!-- loginUsingDataProviders.Login -->
