<?xml version="1.0" encoding="UTF-8"?>
<!-- Generated by org.testng.reporters.JUnitReportReporter -->
<testsuite hostname="Aaradana" failures="0" tests="1" name="pageObjectModel.UpadateProfile" time="4.811" errors="0" timestamp="2022-03-10T08:57:38 EST" skipped="0">
  <testcase classname="pageObjectModel.UpadateProfile" name="PhpTravelsUpdateProfile" time="4.811"/>
  <system-out/>
</testsuite> <!-- pageObjectModel.UpadateProfile -->
