<?xml version="1.0" encoding="UTF-8"?>
<!-- Generated by org.testng.reporters.JUnitReportReporter -->
<testsuite hostname="Aaradana" failures="0" tests="1" name="loginTestCases.BothInCorrect" time="2.326" errors="0" timestamp="2022-03-09T09:44:49 EST" skipped="0">
  <testcase classname="loginTestCases.BothInCorrect" name="loginwithINCorrectUsernameANDPassword" time="2.326"/>
  <system-out/>
</testsuite> <!-- loginTestCases.BothInCorrect -->
