<?xml version="1.0" encoding="UTF-8"?>
<!-- Generated by org.testng.reporters.JUnitReportReporter -->
<testsuite hostname="Aaradana" failures="0" tests="1" name="pageObjects.LoginTestCases" time="4.362" errors="0" timestamp="2022-03-10T10:09:38 EST" skipped="0">
  <testcase classname="pageObjects.LoginTestCases" name="TravelsLoginPageObjects" time="4.362"/>
  <system-out/>
</testsuite> <!-- pageObjects.LoginTestCases -->
