<?xml version="1.0" encoding="UTF-8"?>
<!-- Generated by org.testng.reporters.JUnitReportReporter -->
<testsuite hostname="Aaradana" failures="0" tests="1" name="pageObjects.UpdateProfile" time="7.708" errors="0" timestamp="2022-03-11T00:03:48 EST" skipped="0">
  <testcase classname="pageObjects.UpdateProfile" name="UpdateProfileObjects" time="7.708"/>
  <system-out/>
</testsuite> <!-- pageObjects.UpdateProfile -->
